<?xml version="1.0" encoding="UTF-8"?>
<!-- Generated by org.testng.reporters.JUnitXMLReporter -->
<testsuite hostname="DESKTOP-P743NVF" ignored="0" name="Regression suite 1" tests="6" failures="0" timestamp="2022-04-19T23:51:05 ICT" time="170.857" errors="0">
  <testcase name="@AfterClass suiteTearDown" time="0.0" classname="poly.testExcel.TestExcelLogin">
    <failure type="java.lang.NullPointerException">
      <![CDATA[java.lang.NullPointerException
at poly.testExcel.TestExcelLogin.suiteTearDown(TestExcelLogin.java:167)
at java.util.ArrayList.forEach(Unknown Source)
... Removed 25 stack frames]]>
    </failure>
  </testcase> <!-- @AfterClass suiteTearDown -->
  <testcase name="@AfterClass suiteTearDown" time="0.001" classname="poly.testExcel.TestExcelUpdate">
    <failure type="java.lang.NullPointerException">
      <![CDATA[java.lang.NullPointerException
at poly.testExcel.TestExcelUpdate.suiteTearDown(TestExcelUpdate.java:175)
at java.util.ArrayList.forEach(Unknown Source)
... Removed 25 stack frames]]>
    </failure>
  </testcase> <!-- @AfterClass suiteTearDown -->
  <testcase name="Login" time="2.746" classname="poly.testExcel.TestExcelDelete"/>
  <testcase name="DeleteTest" time="19.43" classname="poly.testExcel.TestExcelDelete"/>
  <testcase name="LoginTest" time="16.772" classname="poly.testExcel.TestExcelLogin"/>
  <testcase name="SignTest" time="50.604" classname="poly.testExcel.TestExcelSignUp"/>
  <testcase name="Login" time="2.48" classname="poly.testExcel.TestExcelUpdate"/>
  <testcase name="UpdateTest" time="71.04" classname="poly.testExcel.TestExcelUpdate"/>
</testsuite> <!-- Regression suite 1 -->
