<?xml version="1.0" encoding="UTF-8"?>
<!-- Generated by org.testng.reporters.JUnitXMLReporter -->
<testsuite hostname="DUYPLUS" ignored="0" name="Test" tests="16" failures="0" timestamp="2022-04-18T04:15:59 ICT" time="116.235" errors="0">
  <testcase name="FillSignUp1" time="6.76" classname="sendkey.Selenium"/>
  <testcase name="FillSignUp2" time="6.45" classname="sendkey.Selenium"/>
  <testcase name="FillSignUp3" time="6.427" classname="sendkey.Selenium"/>
  <testcase name="FillSignUp4" time="6.437" classname="sendkey.Selenium"/>
  <testcase name="FillSignUp5" time="6.416" classname="sendkey.Selenium"/>
  <testcase name="FillSignUp6" time="6.343" classname="sendkey.Selenium"/>
  <testcase name="FillSignUp7" time="6.538" classname="sendkey.Selenium"/>
  <testcase name="LoginDetail1" time="4.343" classname="sendkey.Selenium"/>
  <testcase name="LoginDetail2" time="4.242" classname="sendkey.Selenium"/>
  <testcase name="LoginDetail3" time="4.252" classname="sendkey.Selenium"/>
  <testcase name="LoginDetail4" time="4.254" classname="sendkey.Selenium"/>
  <testcase name="LoginDetail5" time="4.236" classname="sendkey.Selenium"/>
  <testcase name="LoginDetail6" time="4.223" classname="sendkey.Selenium"/>
  <testcase name="FillLogin7" time="4.299" classname="sendkey.Selenium"/>
  <testcase name="FillDetails" time="12.565" classname="sendkey.Selenium"/>
  <testcase name="DeleteUser" time="16.412" classname="sendkey.Selenium"/>
</testsuite> <!-- Test -->
